<?xml version="1.0" encoding="UTF-8"?>
<testsuite xmlns:xsi="http://www.w3.org/2001/XMLSchema-instance" xsi:noNamespaceSchemaLocation="https://maven.apache.org/surefire/maven-surefire-plugin/xsd/surefire-test-report-3.0.xsd" version="3.0" name="SimpleCalculatorTest" time="0.044" tests="12" errors="0" skipped="0" failures="4">
  <properties>
[...]
</properties>
  <testcase name="testAdd" classname="SimpleCalculatorTest" time="0.015"/>
  <testcase name="testSubtract" classname="SimpleCalculatorTest" time="0.001"/>
  <testcase name="testSimulateRandomOperation" classname="SimpleCalculatorTest" time="0.001"/>
  <testcase name="testSimulateRandomOperation" classname="SimpleCalculatorTest" time="0.001"/>
  <testcase name="testSimulateRandomOperation" classname="SimpleCalculatorTest" time="0.002">
    <failure type="org.opentest4j.AssertionFailedError"><![CDATA[org.opentest4j.AssertionFailedError: expected: <true> but was: <false>
	at SimpleCalculatorTest.testSimulateRandomOperation(SimpleCalculatorTest.java:30)
]]></failure>
  </testcase>
  <testcase name="testSimulateRandomOperation" classname="SimpleCalculatorTest" time="0"/>
  <testcase name="testSimulateRandomOperation" classname="SimpleCalculatorTest" time="0"/>
  <testcase name="testSimulateRandomOperation" classname="SimpleCalculatorTest" time="0"/>
  <testcase name="testSimulateRandomOperation" classname="SimpleCalculatorTest" time="0.001">
    <failure type="org.opentest4j.AssertionFailedError"><![CDATA[org.opentest4j.AssertionFailedError: expected: <true> but was: <false>
	at SimpleCalculatorTest.testSimulateRandomOperation(SimpleCalculatorTest.java:30)
]]></failure>
  </testcase>
  <testcase name="testSimulateRandomOperation" classname="SimpleCalculatorTest" time="0.001">
    <failure type="org.opentest4j.AssertionFailedError"><![CDATA[org.opentest4j.AssertionFailedError: expected: <true> but was: <false>
	at SimpleCalculatorTest.testSimulateRandomOperation(SimpleCalculatorTest.java:30)
]]></failure>
  </testcase>
  <testcase name="testSimulateRandomOperation" classname="SimpleCalculatorTest" time="0"/>
  <testcase name="testSimulateRandomOperation" classname="SimpleCalculatorTest" time="0.001">
    <failure type="org.opentest4j.AssertionFailedError"><![CDATA[org.opentest4j.AssertionFailedError: expected: <true> but was: <false>
	at SimpleCalculatorTest.testSimulateRandomOperation(SimpleCalculatorTest.java:30)
]]></failure>
  </testcase>
</testsuite>