<?xml version="1.0" encoding="UTF-8"?>
<testsuite xmlns:xsi="http://www.w3.org/2001/XMLSchema-instance" xsi:noNamespaceSchemaLocation="https://maven.apache.org/surefire/maven-surefire-plugin/xsd/surefire-test-report-3.0.xsd" version="3.0" name="SimpleCalculatorTest" time="0.044" tests="12" errors="0" skipped="0" failures="4">
  <properties>
    <property name="java.specification.version" value="17"/>
    <property name="sun.jnu.encoding" value="UTF-8"/>
    <property name="java.class.path" value="/mnt/windows/Users/eborc/IdeaProjects/simple-calculator/target/test-classes:/mnt/windows/Users/eborc/IdeaProjects/simple-calculator/target/classes:/home/eborchardt/.m2/repository/org/junit/jupiter/junit-jupiter-api/5.7.0/junit-jupiter-api-5.7.0.jar:/home/eborchardt/.m2/repository/org/apiguardian/apiguardian-api/1.1.0/apiguardian-api-1.1.0.jar:/home/eborchardt/.m2/repository/org/opentest4j/opentest4j/1.2.0/opentest4j-1.2.0.jar:/home/eborchardt/.m2/repository/org/junit/platform/junit-platform-commons/1.7.0/junit-platform-commons-1.7.0.jar:/home/eborchardt/.m2/repository/org/junit/jupiter/junit-jupiter-engine/5.7.0/junit-jupiter-engine-5.7.0.jar:/home/eborchardt/.m2/repository/org/junit/platform/junit-platform-engine/1.7.0/junit-platform-engine-1.7.0.jar:"/>
    <property name="java.vm.vendor" value="Ubuntu"/>
    <property name="sun.arch.data.model" value="64"/>
    <property name="java.vendor.url" value="https://ubuntu.com/"/>
    <property name="os.name" value="Linux"/>
    <property name="java.vm.specification.version" value="17"/>
    <property name="sun.java.launcher" value="SUN_STANDARD"/>
    <property name="user.country" value="US"/>
    <property name="sun.boot.library.path" value="/usr/lib/jvm/java-17-openjdk-amd64/lib"/>
    <property name="sun.java.command" value="/mnt/windows/Users/eborc/IdeaProjects/simple-calculator/target/surefire/surefirebooter1972636410556240705.jar /mnt/windows/Users/eborc/IdeaProjects/simple-calculator/target/surefire 2025-04-08T18-11-36_291-jvmRun1 surefire15951277750825388550tmp surefire_09292716036295733146tmp"/>
    <property name="jdk.debug" value="release"/>
    <property name="surefire.test.class.path" value="/mnt/windows/Users/eborc/IdeaProjects/simple-calculator/target/test-classes:/mnt/windows/Users/eborc/IdeaProjects/simple-calculator/target/classes:/home/eborchardt/.m2/repository/org/junit/jupiter/junit-jupiter-api/5.7.0/junit-jupiter-api-5.7.0.jar:/home/eborchardt/.m2/repository/org/apiguardian/apiguardian-api/1.1.0/apiguardian-api-1.1.0.jar:/home/eborchardt/.m2/repository/org/opentest4j/opentest4j/1.2.0/opentest4j-1.2.0.jar:/home/eborchardt/.m2/repository/org/junit/platform/junit-platform-commons/1.7.0/junit-platform-commons-1.7.0.jar:/home/eborchardt/.m2/repository/org/junit/jupiter/junit-jupiter-engine/5.7.0/junit-jupiter-engine-5.7.0.jar:/home/eborchardt/.m2/repository/org/junit/platform/junit-platform-engine/1.7.0/junit-platform-engine-1.7.0.jar:"/>
    <property name="sun.cpu.endian" value="little"/>
    <property name="user.home" value="/home/eborchardt"/>
    <property name="user.language" value="en"/>
    <property name="java.specification.vendor" value="Oracle Corporation"/>
    <property name="java.version.date" value="2025-01-21"/>
    <property name="java.home" value="/usr/lib/jvm/java-17-openjdk-amd64"/>
    <property name="file.separator" value="/"/>
    <property name="basedir" value="/mnt/windows/Users/eborc/IdeaProjects/simple-calculator"/>
    <property name="java.vm.compressedOopsMode" value="Zero based"/>
    <property name="line.separator" value="&#10;"/>
    <property name="java.vm.specification.vendor" value="Oracle Corporation"/>
    <property name="java.specification.name" value="Java Platform API Specification"/>
    <property name="surefire.real.class.path" value="/mnt/windows/Users/eborc/IdeaProjects/simple-calculator/target/surefire/surefirebooter1972636410556240705.jar"/>
    <property name="sun.management.compiler" value="HotSpot 64-Bit Tiered Compilers"/>
    <property name="java.runtime.version" value="17.0.14+7-Ubuntu-124.04"/>
    <property name="user.name" value="eborchardt"/>
    <property name="path.separator" value=":"/>
    <property name="os.version" value="6.11.0-21-generic"/>
    <property name="java.runtime.name" value="OpenJDK Runtime Environment"/>
    <property name="file.encoding" value="UTF-8"/>
    <property name="java.vm.name" value="OpenJDK 64-Bit Server VM"/>
    <property name="localRepository" value="/home/eborchardt/.m2/repository"/>
    <property name="java.vendor.url.bug" value="https://bugs.launchpad.net/ubuntu/+source/openjdk-17"/>
    <property name="java.io.tmpdir" value="/tmp"/>
    <property name="java.version" value="17.0.14"/>
    <property name="user.dir" value="/mnt/windows/Users/eborc/IdeaProjects/simple-calculator"/>
    <property name="os.arch" value="amd64"/>
    <property name="java.vm.specification.name" value="Java Virtual Machine Specification"/>
    <property name="native.encoding" value="UTF-8"/>
    <property name="java.library.path" value="/usr/java/packages/lib:/usr/lib/x86_64-linux-gnu/jni:/lib/x86_64-linux-gnu:/usr/lib/x86_64-linux-gnu:/usr/lib/jni:/lib:/usr/lib"/>
    <property name="java.vm.info" value="mixed mode, sharing"/>
    <property name="java.vendor" value="Ubuntu"/>
    <property name="java.vm.version" value="17.0.14+7-Ubuntu-124.04"/>
    <property name="java.specification.maintenance.version" value="1"/>
    <property name="sun.io.unicode.encoding" value="UnicodeLittle"/>
    <property name="java.class.version" value="61.0"/>
  </properties>
  <testcase name="testAdd" classname="SimpleCalculatorTest" time="0.015"/>
  <testcase name="testSubtract" classname="SimpleCalculatorTest" time="0.001"/>
  <testcase name="testSimulateRandomOperation" classname="SimpleCalculatorTest" time="0.001"/>
  <testcase name="testSimulateRandomOperation" classname="SimpleCalculatorTest" time="0.001"/>
  <testcase name="testSimulateRandomOperation" classname="SimpleCalculatorTest" time="0.002">
    <failure type="org.opentest4j.AssertionFailedError"><![CDATA[org.opentest4j.AssertionFailedError: expected: <true> but was: <false>
	at SimpleCalculatorTest.testSimulateRandomOperation(SimpleCalculatorTest.java:30)
]]></failure>
  </testcase>
  <testcase name="testSimulateRandomOperation" classname="SimpleCalculatorTest" time="0"/>
  <testcase name="testSimulateRandomOperation" classname="SimpleCalculatorTest" time="0"/>
  <testcase name="testSimulateRandomOperation" classname="SimpleCalculatorTest" time="0"/>
  <testcase name="testSimulateRandomOperation" classname="SimpleCalculatorTest" time="0.001">
    <failure type="org.opentest4j.AssertionFailedError"><![CDATA[org.opentest4j.AssertionFailedError: expected: <true> but was: <false>
	at SimpleCalculatorTest.testSimulateRandomOperation(SimpleCalculatorTest.java:30)
]]></failure>
  </testcase>
  <testcase name="testSimulateRandomOperation" classname="SimpleCalculatorTest" time="0.001">
    <failure type="org.opentest4j.AssertionFailedError"><![CDATA[org.opentest4j.AssertionFailedError: expected: <true> but was: <false>
	at SimpleCalculatorTest.testSimulateRandomOperation(SimpleCalculatorTest.java:30)
]]></failure>
  </testcase>
  <testcase name="testSimulateRandomOperation" classname="SimpleCalculatorTest" time="0"/>
  <testcase name="testSimulateRandomOperation" classname="SimpleCalculatorTest" time="0.001">
    <failure type="org.opentest4j.AssertionFailedError"><![CDATA[org.opentest4j.AssertionFailedError: expected: <true> but was: <false>
	at SimpleCalculatorTest.testSimulateRandomOperation(SimpleCalculatorTest.java:30)
]]></failure>
  </testcase>
</testsuite>